[26-Jul-2025 19:19:45 Europe/Berlin] POST request detected. AJAX: no
[26-Jul-2025 19:19:45 Europe/Berlin] POST data: Array
(
)

[26-Jul-2025 19:19:45 Europe/Berlin] FILES data: Array
(
)

[26-Jul-2025 19:19:45 Europe/Berlin] Headers: Array
(
    [Host] => localhost
    [Connection] => keep-alive
    [Content-Length] => 0
    [Cache-Control] => max-age=0
    [sec-ch-ua] => "Not)A;Brand";v="8", "Chromium";v="138", "Microsoft Edge";v="138"
    [sec-ch-ua-mobile] => ?0
    [sec-ch-ua-platform] => "Windows"
    [Origin] => http://localhost
    [Content-Type] => application/x-www-form-urlencoded
    [Upgrade-Insecure-Requests] => 1
    [User-Agent] => Mozilla/5.0 (Windows NT 10.0; Win64; x64) AppleWebKit/537.36 (KHTML, like Gecko) Chrome/138.0.0.0 Safari/537.36 Edg/138.0.0.0
    [Accept] => text/html,application/xhtml+xml,application/xml;q=0.9,image/avif,image/webp,image/apng,*/*;q=0.8,application/signed-exchange;v=b3;q=0.7
    [Sec-Fetch-Site] => same-origin
    [Sec-Fetch-Mode] => navigate
    [Sec-Fetch-User] => ?1
    [Sec-Fetch-Dest] => document
    [Referer] => http://localhost/Friendora/home
    [Accept-Encoding] => gzip, deflate, br, zstd
    [Accept-Language] => en-US,en;q=0.9,hi;q=0.8,bn-IN;q=0.7,bn;q=0.6
    [Cookie] => FBID=cd0165785b8c7c0560ff44657ea1bba602c5fdf6e6f6fc36a114ea6501ad6207dc412c4d308aa4d85d37e585a174a3027e2de1cc5dbfa4e7f5b48032718cf840; PHPSESSID=d0hoj8bo66lleh52dtg8ndlo4p
)

[26-Jul-2025 19:21:00 Europe/Berlin] POST request detected. AJAX: no
[26-Jul-2025 19:21:00 Europe/Berlin] POST data: Array
(
)

[26-Jul-2025 19:21:00 Europe/Berlin] FILES data: Array
(
    [cover_photo] => Array
        (
            [name] => Sparkling Dresses_ Shop the latest styles for your next formal event.jpeg
            [full_path] => Sparkling Dresses_ Shop the latest styles for your next formal event.jpeg
            [type] => image/jpeg
            [tmp_name] => C:\xampp\tmp\phpDCDC.tmp
            [error] => 0
            [size] => 25030
        )

)

[26-Jul-2025 19:21:00 Europe/Berlin] Headers: Array
(
    [Host] => localhost
    [Connection] => keep-alive
    [Content-Length] => 25284
    [sec-ch-ua-platform] => "Windows"
    [User-Agent] => Mozilla/5.0 (Windows NT 10.0; Win64; x64) AppleWebKit/537.36 (KHTML, like Gecko) Chrome/138.0.0.0 Safari/537.36 Edg/138.0.0.0
    [sec-ch-ua] => "Not)A;Brand";v="8", "Chromium";v="138", "Microsoft Edge";v="138"
    [Content-Type] => multipart/form-data; boundary=----WebKitFormBoundarySmgmlcTrr0uMa4x0
    [sec-ch-ua-mobile] => ?0
    [Accept] => */*
    [Origin] => http://localhost
    [Sec-Fetch-Site] => same-origin
    [Sec-Fetch-Mode] => cors
    [Sec-Fetch-Dest] => empty
    [Referer] => http://localhost/Friendora/profile
    [Accept-Encoding] => gzip, deflate, br, zstd
    [Accept-Language] => en-US,en;q=0.9,hi;q=0.8,bn-IN;q=0.7,bn;q=0.6
    [Cookie] => FBID=cd0165785b8c7c0560ff44657ea1bba602c5fdf6e6f6fc36a114ea6501ad6207dc412c4d308aa4d85d37e585a174a3027e2de1cc5dbfa4e7f5b48032718cf840; PHPSESSID=d0hoj8bo66lleh52dtg8ndlo4p
)

[26-Jul-2025 19:21:01 Europe/Berlin] POST request detected. AJAX: no
[26-Jul-2025 19:21:01 Europe/Berlin] POST data: Array
(
)

[26-Jul-2025 19:21:01 Europe/Berlin] FILES data: Array
(
)

[26-Jul-2025 19:21:01 Europe/Berlin] Headers: Array
(
    [Host] => localhost
    [Connection] => keep-alive
    [Content-Length] => 0
    [Cache-Control] => max-age=0
    [sec-ch-ua] => "Not)A;Brand";v="8", "Chromium";v="138", "Microsoft Edge";v="138"
    [sec-ch-ua-mobile] => ?0
    [sec-ch-ua-platform] => "Windows"
    [Origin] => http://localhost
    [Content-Type] => application/x-www-form-urlencoded
    [Upgrade-Insecure-Requests] => 1
    [User-Agent] => Mozilla/5.0 (Windows NT 10.0; Win64; x64) AppleWebKit/537.36 (KHTML, like Gecko) Chrome/138.0.0.0 Safari/537.36 Edg/138.0.0.0
    [Accept] => text/html,application/xhtml+xml,application/xml;q=0.9,image/avif,image/webp,image/apng,*/*;q=0.8,application/signed-exchange;v=b3;q=0.7
    [Sec-Fetch-Site] => same-origin
    [Sec-Fetch-Mode] => navigate
    [Sec-Fetch-User] => ?1
    [Sec-Fetch-Dest] => document
    [Referer] => http://localhost/Friendora/profile
    [Accept-Encoding] => gzip, deflate, br, zstd
    [Accept-Language] => en-US,en;q=0.9,hi;q=0.8,bn-IN;q=0.7,bn;q=0.6
    [Cookie] => FBID=cd0165785b8c7c0560ff44657ea1bba602c5fdf6e6f6fc36a114ea6501ad6207dc412c4d308aa4d85d37e585a174a3027e2de1cc5dbfa4e7f5b48032718cf840; PHPSESSID=d0hoj8bo66lleh52dtg8ndlo4p
)

[26-Jul-2025 19:22:00 Europe/Berlin] createPost called with content: Test
[26-Jul-2025 19:22:00 Europe/Berlin] _FILES array: Array
(
    [post_image] => Array
        (
            [name] => Sparkling Dresses_ Shop the latest styles for your next formal event.jpeg
            [full_path] => Sparkling Dresses_ Shop the latest styles for your next formal event.jpeg
            [type] => image/jpeg
            [tmp_name] => C:\xampp\tmp\phpC79A.tmp
            [error] => 0
            [size] => 25030
        )

)

[26-Jul-2025 19:22:00 Europe/Berlin] _POST array: Array
(
    [action] => create_post
    [content] => Test
)

[26-Jul-2025 19:25:54 Europe/Berlin] POST request detected. AJAX: no
[26-Jul-2025 19:25:54 Europe/Berlin] POST data: Array
(
)

[26-Jul-2025 19:25:54 Europe/Berlin] FILES data: Array
(
)

[26-Jul-2025 19:25:54 Europe/Berlin] Headers: Array
(
    [Host] => localhost
    [Connection] => keep-alive
    [Content-Length] => 0
    [Pragma] => no-cache
    [Cache-Control] => no-cache
    [sec-ch-ua] => "Not)A;Brand";v="8", "Chromium";v="138", "Microsoft Edge";v="138"
    [sec-ch-ua-mobile] => ?0
    [sec-ch-ua-platform] => "Windows"
    [Upgrade-Insecure-Requests] => 1
    [User-Agent] => Mozilla/5.0 (Windows NT 10.0; Win64; x64) AppleWebKit/537.36 (KHTML, like Gecko) Chrome/138.0.0.0 Safari/537.36 Edg/138.0.0.0
    [Origin] => http://localhost
    [Content-Type] => application/x-www-form-urlencoded
    [Accept] => text/html,application/xhtml+xml,application/xml;q=0.9,image/avif,image/webp,image/apng,*/*;q=0.8,application/signed-exchange;v=b3;q=0.7
    [Sec-Fetch-Site] => same-origin
    [Sec-Fetch-Mode] => navigate
    [Sec-Fetch-User] => ?1
    [Sec-Fetch-Dest] => document
    [Referer] => http://localhost/Friendora/profile
    [Accept-Encoding] => gzip, deflate, br, zstd
    [Accept-Language] => en-US,en;q=0.9,hi;q=0.8,bn-IN;q=0.7,bn;q=0.6
    [Cookie] => FBID=cd0165785b8c7c0560ff44657ea1bba602c5fdf6e6f6fc36a114ea6501ad6207dc412c4d308aa4d85d37e585a174a3027e2de1cc5dbfa4e7f5b48032718cf840; PHPSESSID=d0hoj8bo66lleh52dtg8ndlo4p
)

[26-Jul-2025 19:25:55 Europe/Berlin] AJAX request detected, action: get_posts
[26-Jul-2025 19:25:55 Europe/Berlin] POST data: Array
(
    [action] => get_posts
)

[26-Jul-2025 19:25:55 Europe/Berlin] FILES data: Array
(
)

[26-Jul-2025 19:26:02 Europe/Berlin] AJAX request detected, action: delete_post
[26-Jul-2025 19:26:02 Europe/Berlin] POST data: Array
(
    [action] => delete_post
    [post_id] => 16
)

[26-Jul-2025 19:26:02 Europe/Berlin] FILES data: Array
(
)

[26-Jul-2025 19:26:14 Europe/Berlin] AJAX request detected, action: create_post
[26-Jul-2025 19:26:14 Europe/Berlin] POST data: Array
(
    [action] => create_post
    [content] => Hi
)

[26-Jul-2025 19:26:14 Europe/Berlin] FILES data: Array
(
    [post_image] => Array
        (
            [name] => Sparkling Dresses_ Shop the latest styles for your next formal event.jpeg
            [full_path] => Sparkling Dresses_ Shop the latest styles for your next formal event.jpeg
            [type] => image/jpeg
            [tmp_name] => C:\xampp\tmp\phpA4ED.tmp
            [error] => 0
            [size] => 25030
        )

)

[26-Jul-2025 19:26:14 Europe/Berlin] About to call createPost method
[26-Jul-2025 19:26:14 Europe/Berlin] createPost called with content: Hi
[26-Jul-2025 19:26:14 Europe/Berlin] _FILES array: Array
(
    [post_image] => Array
        (
            [name] => Sparkling Dresses_ Shop the latest styles for your next formal event.jpeg
            [full_path] => Sparkling Dresses_ Shop the latest styles for your next formal event.jpeg
            [type] => image/jpeg
            [tmp_name] => C:\xampp\tmp\phpA4ED.tmp
            [error] => 0
            [size] => 25030
        )

)

[26-Jul-2025 19:26:14 Europe/Berlin] _POST array: Array
(
    [action] => create_post
    [content] => Hi
)

[26-Jul-2025 19:26:14 Europe/Berlin] About to insert post data
[26-Jul-2025 19:26:14 Europe/Berlin] Post insert result: failed
[26-Jul-2025 19:26:14 Europe/Berlin] createPost returned: Array
(
    [success] => 
    [message] => Failed to create post
)

[26-Jul-2025 19:32:37 Europe/Berlin] POST request detected. AJAX: no
[26-Jul-2025 19:32:37 Europe/Berlin] POST data: Array
(
)

[26-Jul-2025 19:32:37 Europe/Berlin] FILES data: Array
(
)

[26-Jul-2025 19:32:37 Europe/Berlin] Headers: Array
(
    [Host] => localhost
    [Connection] => keep-alive
    [Content-Length] => 0
    [Pragma] => no-cache
    [Cache-Control] => no-cache
    [sec-ch-ua] => "Not)A;Brand";v="8", "Chromium";v="138", "Microsoft Edge";v="138"
    [sec-ch-ua-mobile] => ?0
    [sec-ch-ua-platform] => "Windows"
    [Upgrade-Insecure-Requests] => 1
    [User-Agent] => Mozilla/5.0 (Windows NT 10.0; Win64; x64) AppleWebKit/537.36 (KHTML, like Gecko) Chrome/138.0.0.0 Safari/537.36 Edg/138.0.0.0
    [Origin] => http://localhost
    [Content-Type] => application/x-www-form-urlencoded
    [Accept] => text/html,application/xhtml+xml,application/xml;q=0.9,image/avif,image/webp,image/apng,*/*;q=0.8,application/signed-exchange;v=b3;q=0.7
    [Sec-Fetch-Site] => same-origin
    [Sec-Fetch-Mode] => navigate
    [Sec-Fetch-User] => ?1
    [Sec-Fetch-Dest] => document
    [Referer] => http://localhost/Friendora/profile
    [Accept-Encoding] => gzip, deflate, br, zstd
    [Accept-Language] => en-US,en;q=0.9,hi;q=0.8,bn-IN;q=0.7,bn;q=0.6
    [Cookie] => FBID=cd0165785b8c7c0560ff44657ea1bba602c5fdf6e6f6fc36a114ea6501ad6207dc412c4d308aa4d85d37e585a174a3027e2de1cc5dbfa4e7f5b48032718cf840; PHPSESSID=d0hoj8bo66lleh52dtg8ndlo4p
)

[26-Jul-2025 19:34:54 Europe/Berlin] POST request detected. AJAX: no
[26-Jul-2025 19:34:54 Europe/Berlin] POST data: Array
(
)

[26-Jul-2025 19:34:54 Europe/Berlin] FILES data: Array
(
)

[26-Jul-2025 19:34:54 Europe/Berlin] Headers: Array
(
    [Host] => localhost
    [Connection] => keep-alive
    [Content-Length] => 0
    [Pragma] => no-cache
    [Cache-Control] => no-cache
    [sec-ch-ua] => "Not)A;Brand";v="8", "Chromium";v="138", "Microsoft Edge";v="138"
    [sec-ch-ua-mobile] => ?0
    [sec-ch-ua-platform] => "Windows"
    [Upgrade-Insecure-Requests] => 1
    [User-Agent] => Mozilla/5.0 (Windows NT 10.0; Win64; x64) AppleWebKit/537.36 (KHTML, like Gecko) Chrome/138.0.0.0 Safari/537.36 Edg/138.0.0.0
    [Origin] => http://localhost
    [Content-Type] => application/x-www-form-urlencoded
    [Accept] => text/html,application/xhtml+xml,application/xml;q=0.9,image/avif,image/webp,image/apng,*/*;q=0.8,application/signed-exchange;v=b3;q=0.7
    [Sec-Fetch-Site] => same-origin
    [Sec-Fetch-Mode] => navigate
    [Sec-Fetch-User] => ?1
    [Sec-Fetch-Dest] => document
    [Referer] => http://localhost/Friendora/profile
    [Accept-Encoding] => gzip, deflate, br, zstd
    [Accept-Language] => en-US,en;q=0.9,hi;q=0.8,bn-IN;q=0.7,bn;q=0.6
    [Cookie] => FBID=cd0165785b8c7c0560ff44657ea1bba602c5fdf6e6f6fc36a114ea6501ad6207dc412c4d308aa4d85d37e585a174a3027e2de1cc5dbfa4e7f5b48032718cf840; PHPSESSID=d0hoj8bo66lleh52dtg8ndlo4p
)

[26-Jul-2025 19:35:58 Europe/Berlin] POST request detected. AJAX: no
[26-Jul-2025 19:35:58 Europe/Berlin] POST data: Array
(
)

[26-Jul-2025 19:35:58 Europe/Berlin] FILES data: Array
(
)

[26-Jul-2025 19:35:58 Europe/Berlin] Headers: Array
(
    [Host] => localhost
    [Connection] => keep-alive
    [Content-Length] => 0
    [Cache-Control] => max-age=0
    [sec-ch-ua] => "Not)A;Brand";v="8", "Chromium";v="138", "Microsoft Edge";v="138"
    [sec-ch-ua-mobile] => ?0
    [sec-ch-ua-platform] => "Windows"
    [Upgrade-Insecure-Requests] => 1
    [User-Agent] => Mozilla/5.0 (Windows NT 10.0; Win64; x64) AppleWebKit/537.36 (KHTML, like Gecko) Chrome/138.0.0.0 Safari/537.36 Edg/138.0.0.0
    [Origin] => http://localhost
    [Content-Type] => application/x-www-form-urlencoded
    [Accept] => text/html,application/xhtml+xml,application/xml;q=0.9,image/avif,image/webp,image/apng,*/*;q=0.8,application/signed-exchange;v=b3;q=0.7
    [Sec-Fetch-Site] => same-origin
    [Sec-Fetch-Mode] => navigate
    [Sec-Fetch-User] => ?1
    [Sec-Fetch-Dest] => document
    [Referer] => http://localhost/Friendora/profile
    [Accept-Encoding] => gzip, deflate, br, zstd
    [Accept-Language] => en-US,en;q=0.9,hi;q=0.8,bn-IN;q=0.7,bn;q=0.6
    [Cookie] => FBID=cd0165785b8c7c0560ff44657ea1bba602c5fdf6e6f6fc36a114ea6501ad6207dc412c4d308aa4d85d37e585a174a3027e2de1cc5dbfa4e7f5b48032718cf840; PHPSESSID=d0hoj8bo66lleh52dtg8ndlo4p
)

[26-Jul-2025 19:44:46 Europe/Berlin] POST request detected. AJAX: no
[26-Jul-2025 19:44:46 Europe/Berlin] POST data: Array
(
)

[26-Jul-2025 19:44:46 Europe/Berlin] FILES data: Array
(
)

[26-Jul-2025 19:44:46 Europe/Berlin] Headers: Array
(
    [Host] => localhost
    [Connection] => keep-alive
    [Content-Length] => 0
    [Cache-Control] => max-age=0
    [sec-ch-ua] => "Not)A;Brand";v="8", "Chromium";v="138", "Microsoft Edge";v="138"
    [sec-ch-ua-mobile] => ?0
    [sec-ch-ua-platform] => "Windows"
    [Origin] => http://localhost
    [Content-Type] => application/x-www-form-urlencoded
    [Upgrade-Insecure-Requests] => 1
    [User-Agent] => Mozilla/5.0 (Windows NT 10.0; Win64; x64) AppleWebKit/537.36 (KHTML, like Gecko) Chrome/138.0.0.0 Safari/537.36 Edg/138.0.0.0
    [Accept] => text/html,application/xhtml+xml,application/xml;q=0.9,image/avif,image/webp,image/apng,*/*;q=0.8,application/signed-exchange;v=b3;q=0.7
    [Sec-Fetch-Site] => same-origin
    [Sec-Fetch-Mode] => navigate
    [Sec-Fetch-User] => ?1
    [Sec-Fetch-Dest] => document
    [Referer] => http://localhost/Friendora/home
    [Accept-Encoding] => gzip, deflate, br, zstd
    [Accept-Language] => en-US,en;q=0.9,hi;q=0.8,bn-IN;q=0.7,bn;q=0.6
    [Cookie] => FBID=cd0165785b8c7c0560ff44657ea1bba602c5fdf6e6f6fc36a114ea6501ad6207dc412c4d308aa4d85d37e585a174a3027e2de1cc5dbfa4e7f5b48032718cf840; PHPSESSID=d0hoj8bo66lleh52dtg8ndlo4p
)

[26-Jul-2025 19:45:57 Europe/Berlin] POST request detected. AJAX: no
[26-Jul-2025 19:45:57 Europe/Berlin] POST data: Array
(
)

[26-Jul-2025 19:45:57 Europe/Berlin] FILES data: Array
(
)

[26-Jul-2025 19:45:57 Europe/Berlin] Headers: Array
(
    [Host] => localhost
    [Connection] => keep-alive
    [Content-Length] => 0
    [Pragma] => no-cache
    [Cache-Control] => no-cache
    [sec-ch-ua] => "Not)A;Brand";v="8", "Chromium";v="138", "Microsoft Edge";v="138"
    [sec-ch-ua-mobile] => ?0
    [sec-ch-ua-platform] => "Windows"
    [Upgrade-Insecure-Requests] => 1
    [User-Agent] => Mozilla/5.0 (Windows NT 10.0; Win64; x64) AppleWebKit/537.36 (KHTML, like Gecko) Chrome/138.0.0.0 Safari/537.36 Edg/138.0.0.0
    [Origin] => http://localhost
    [Content-Type] => application/x-www-form-urlencoded
    [Accept] => text/html,application/xhtml+xml,application/xml;q=0.9,image/avif,image/webp,image/apng,*/*;q=0.8,application/signed-exchange;v=b3;q=0.7
    [Sec-Fetch-Site] => same-origin
    [Sec-Fetch-Mode] => navigate
    [Sec-Fetch-User] => ?1
    [Sec-Fetch-Dest] => document
    [Referer] => http://localhost/Friendora/home
    [Accept-Encoding] => gzip, deflate, br, zstd
    [Accept-Language] => en-US,en;q=0.9,hi;q=0.8,bn-IN;q=0.7,bn;q=0.6
    [Cookie] => FBID=cd0165785b8c7c0560ff44657ea1bba602c5fdf6e6f6fc36a114ea6501ad6207dc412c4d308aa4d85d37e585a174a3027e2de1cc5dbfa4e7f5b48032718cf840; PHPSESSID=d0hoj8bo66lleh52dtg8ndlo4p
)

[26-Jul-2025 19:49:40 Europe/Berlin] POST request detected. AJAX: no
[26-Jul-2025 19:49:40 Europe/Berlin] POST data: Array
(
)

[26-Jul-2025 19:49:40 Europe/Berlin] FILES data: Array
(
)

[26-Jul-2025 19:49:40 Europe/Berlin] Headers: Array
(
    [Host] => localhost
    [Connection] => keep-alive
    [Content-Length] => 0
    [Cache-Control] => max-age=0
    [sec-ch-ua] => "Not)A;Brand";v="8", "Chromium";v="138", "Microsoft Edge";v="138"
    [sec-ch-ua-mobile] => ?0
    [sec-ch-ua-platform] => "Windows"
    [Origin] => http://localhost
    [Content-Type] => application/x-www-form-urlencoded
    [Upgrade-Insecure-Requests] => 1
    [User-Agent] => Mozilla/5.0 (Windows NT 10.0; Win64; x64) AppleWebKit/537.36 (KHTML, like Gecko) Chrome/138.0.0.0 Safari/537.36 Edg/138.0.0.0
    [Accept] => text/html,application/xhtml+xml,application/xml;q=0.9,image/avif,image/webp,image/apng,*/*;q=0.8,application/signed-exchange;v=b3;q=0.7
    [Sec-Fetch-Site] => same-origin
    [Sec-Fetch-Mode] => navigate
    [Sec-Fetch-User] => ?1
    [Sec-Fetch-Dest] => document
    [Referer] => http://localhost/Friendora/home
    [Accept-Encoding] => gzip, deflate, br, zstd
    [Accept-Language] => en-US,en;q=0.9,hi;q=0.8,bn-IN;q=0.7,bn;q=0.6
    [Cookie] => FBID=cd0165785b8c7c0560ff44657ea1bba602c5fdf6e6f6fc36a114ea6501ad6207dc412c4d308aa4d85d37e585a174a3027e2de1cc5dbfa4e7f5b48032718cf840; PHPSESSID=ihv0ej7ruhp23lulsm8uam9hkt
)

[26-Jul-2025 19:49:40 Europe/Berlin] Profile Data: stdClass Object
(
    [id] => 1
    [hometown] => Dhaka
    [country] => Bangladesh
    [shortBio] => Ok this is my bio, I love watching anime and reading webtoons
    [city] => Dhaka
    [pfp] => http://localhost/Friendora/uploads/profile_photos/profile_1_1753544817.jpg
    [socialQuote] => In the digital realm, we are all architects of our own reality.
    [lifeEvent] => Graduated VR University (2018), Joined DreamScape Studios (2019), Won Cyber Art Award (2023)
    [religion] => Digital Spiritualism
    [polViews] => Progressive Futurist
    [lang] => English, Japanese, Binary
    [professional] => Cybertech
    [work] => DreamScape Studios
    [highschool] => Digital Arts Academy
    [college] => Cyber Tech Institute
    [university] => Virtual Reality University
    [coverpic] => http://localhost/Friendora/uploads/cover_photos/cover_1_1753550460.jpeg
    [user_id] => 1
)

[26-Jul-2025 19:49:40 Europe/Berlin] Photos Data: Array
(
    [0] => stdClass Object
        (
            [id] => 1
            [url] => uploads/covers/cover_1_1753523936.png
            [caption] => Cover photo
            [user_id] => 1
        )

    [1] => stdClass Object
        (
            [id] => 2
            [url] => uploads/covers/cover_1_1753524901.jpeg
            [caption] => Cover photo
            [user_id] => 1
        )

    [2] => stdClass Object
        (
            [id] => 3
            [url] => http://localhost/Friendora/uploads/cover_photos/cover_1_1753544566.png
            [caption] => Cover Photo
            [user_id] => 1
        )

    [3] => stdClass Object
        (
            [id] => 4
            [url] => http://localhost/Friendora/uploads/cover_photos/cover_1_1753544577.png
            [caption] => Cover Photo
            [user_id] => 1
        )

    [4] => stdClass Object
        (
            [id] => 5
            [url] => http://localhost/Friendora/uploads/profile_photos/profile_1_1753544817.jpg
            [caption] => Profile Picture
            [user_id] => 1
        )

    [5] => stdClass Object
        (
            [id] => 8
            [url] => http://localhost/Friendora/uploads/cover_photos/cover_1_1753550460.jpeg
            [caption] => Cover Photo
            [user_id] => 1
        )

    [6] => stdClass Object
        (
            [id] => 9
            [url] => http://localhost/Friendora/uploads/posts/post_19_1753551302.jpeg
            [caption] => Post image
            [user_id] => 1
        )

)

[26-Jul-2025 19:49:40 Europe/Berlin] Websites Data: Array
(
    [0] => stdClass Object
        (
            [profile_id] => 1
            [url] => https://alexandra-dreams.cyber
        )

)

